# Logfile created on 2024-05-24 16:20:19 +0000 by logger.rb/v1.6.0
I, [2024-05-24T16:20:19.749106 #2042275]  INFO -- : Attempting to parse a Oscal::AssessmentResult::AssessmentResult
D, [2024-05-24T16:20:19.749242 #2042275] DEBUG -- : Checking to see if input is a Hash
D, [2024-05-24T16:20:19.749329 #2042275] DEBUG -- : Assembly is hash with keys ["uuid", "metadata", "import-ap", "local-definitions", "results"]
D, [2024-05-24T16:20:19.749395 #2042275] DEBUG -- : Attempting to transform strings to symbols.
D, [2024-05-24T16:20:19.749506 #2042275] DEBUG -- : Checking mandatory and optional values.
D, [2024-05-24T16:20:19.749642 #2042275] DEBUG -- : Checking mandatory values: [:uuid, :metadata, :import_ap, :results]
D, [2024-05-24T16:20:19.749751 #2042275] DEBUG -- : Checking allowed values: [:uuid, :metadata, :import_ap, :results, :local_definitions, :back_matter]
I, [2024-05-24T16:20:19.749832 #2042275]  INFO -- : Validating uuid
I, [2024-05-24T16:20:19.749981 #2042275]  INFO -- : Validating metadata
I, [2024-05-24T16:22:39.953622 #2042762]  INFO -- : Attempting to parse a Oscal::AssessmentResult::AssessmentResult
D, [2024-05-24T16:22:39.953863 #2042762] DEBUG -- : Checking to see if input is a Hash
D, [2024-05-24T16:22:39.953961 #2042762] DEBUG -- : Assembly is hash with keys ["uuid", "metadata", "import-ap", "local-definitions", "results"]
D, [2024-05-24T16:22:39.954018 #2042762] DEBUG -- : Attempting to transform strings to symbols.
D, [2024-05-24T16:22:39.954113 #2042762] DEBUG -- : Checking mandatory and optional values.
D, [2024-05-24T16:22:39.954230 #2042762] DEBUG -- : Checking mandatory values: [:uuid, :metadata, :import_ap, :results]
D, [2024-05-24T16:22:39.954334 #2042762] DEBUG -- : Checking allowed values: [:uuid, :metadata, :import_ap, :results, :local_definitions, :back_matter]
I, [2024-05-24T16:22:39.954409 #2042762]  INFO -- : Validating uuid
D, [2024-05-24T16:22:39.954514 #2042762] DEBUG -- : Attempting to instiate uuid as Oscal::Uuid
I, [2024-05-24T16:22:39.954598 #2042762]  INFO -- : Validating metadata
D, [2024-05-24T16:22:39.954680 #2042762] DEBUG -- : Attempting to instiate metadata as 
